{"/home/ali/Desktop/graduated-potato/dist/api.js": {"path":"/home/ali/Desktop/graduated-potato/dist/api.js","all":false,"statementMap":{"0":{"start":{"line":1,"column":0},"end":{"line":1,"column":13}},"1":{"start":{"line":2,"column":0},"end":{"line":2,"column":90}},"2":{"start":{"line":3,"column":0},"end":{"line":3,"column":112}},"3":{"start":{"line":4,"column":0},"end":{"line":4,"column":64}},"4":{"start":{"line":5,"column":0},"end":{"line":5,"column":99}},"5":{"start":{"line":6,"column":0},"end":{"line":6,"column":102}},"6":{"start":{"line":7,"column":0},"end":{"line":7,"column":118}},"7":{"start":{"line":8,"column":0},"end":{"line":8,"column":78}},"8":{"start":{"line":9,"column":0},"end":{"line":9,"column":7}},"9":{"start":{"line":10,"column":0},"end":{"line":10,"column":2}},"10":{"start":{"line":11,"column":0},"end":{"line":11,"column":72}},"11":{"start":{"line":12,"column":0},"end":{"line":12,"column":62}},"12":{"start":{"line":13,"column":0},"end":{"line":13,"column":2}},"13":{"start":{"line":14,"column":0},"end":{"line":14,"column":62}},"14":{"start":{"line":15,"column":0},"end":{"line":15,"column":202}},"15":{"start":{"line":16,"column":0},"end":{"line":16,"column":50}},"16":{"start":{"line":17,"column":0},"end":{"line":17,"column":16}},"17":{"start":{"line":18,"column":0},"end":{"line":18,"column":54}},"18":{"start":{"line":19,"column":0},"end":{"line":19,"column":55}},"19":{"start":{"line":20,"column":0},"end":{"line":20,"column":46}},"20":{"start":{"line":21,"column":0},"end":{"line":21,"column":54}},"21":{"start":{"line":22,"column":0},"end":{"line":22,"column":63}},"22":{"start":{"line":23,"column":0},"end":{"line":23,"column":58}},"23":{"start":{"line":24,"column":0},"end":{"line":24,"column":50}},"24":{"start":{"line":25,"column":0},"end":{"line":25,"column":2}},"25":{"start":{"line":26,"column":0},"end":{"line":26,"column":39}},"26":{"start":{"line":27,"column":0},"end":{"line":27,"column":24}},"27":{"start":{"line":28,"column":0},"end":{"line":28,"column":27}},"28":{"start":{"line":29,"column":0},"end":{"line":29,"column":5}},"29":{"start":{"line":30,"column":0},"end":{"line":30,"column":47}},"30":{"start":{"line":31,"column":0},"end":{"line":31,"column":20}},"31":{"start":{"line":32,"column":0},"end":{"line":32,"column":35}},"32":{"start":{"line":33,"column":0},"end":{"line":33,"column":43}},"33":{"start":{"line":34,"column":0},"end":{"line":34,"column":28}},"34":{"start":{"line":35,"column":0},"end":{"line":35,"column":5}},"35":{"start":{"line":36,"column":0},"end":{"line":36,"column":8}},"36":{"start":{"line":37,"column":0},"end":{"line":37,"column":22}},"37":{"start":{"line":38,"column":0},"end":{"line":38,"column":1}},"38":{"start":{"line":39,"column":0},"end":{"line":39,"column":34}},"39":{"start":{"line":40,"column":0},"end":{"line":40,"column":27}},"40":{"start":{"line":41,"column":0},"end":{"line":41,"column":30}},"41":{"start":{"line":42,"column":0},"end":{"line":42,"column":45}},"42":{"start":{"line":43,"column":0},"end":{"line":43,"column":25}},"43":{"start":{"line":44,"column":0},"end":{"line":44,"column":5}},"44":{"start":{"line":45,"column":0},"end":{"line":45,"column":16}},"45":{"start":{"line":46,"column":0},"end":{"line":46,"column":1}},"46":{"start":{"line":47,"column":0},"end":{"line":47,"column":32}},"47":{"start":{"line":48,"column":0},"end":{"line":48,"column":20}},"48":{"start":{"line":49,"column":0},"end":{"line":49,"column":57}},"49":{"start":{"line":50,"column":0},"end":{"line":50,"column":72}},"50":{"start":{"line":51,"column":0},"end":{"line":51,"column":37}},"51":{"start":{"line":52,"column":0},"end":{"line":52,"column":50}},"52":{"start":{"line":53,"column":0},"end":{"line":53,"column":7}},"53":{"start":{"line":54,"column":0},"end":{"line":54,"column":1}},"54":{"start":{"line":55,"column":0},"end":{"line":55,"column":26}},"55":{"start":{"line":56,"column":0},"end":{"line":56,"column":22}},"56":{"start":{"line":57,"column":0},"end":{"line":57,"column":57}},"57":{"start":{"line":58,"column":0},"end":{"line":58,"column":73}},"58":{"start":{"line":59,"column":0},"end":{"line":59,"column":42}},"59":{"start":{"line":60,"column":0},"end":{"line":60,"column":52}},"60":{"start":{"line":61,"column":0},"end":{"line":61,"column":7}},"61":{"start":{"line":62,"column":0},"end":{"line":62,"column":1}},"62":{"start":{"line":63,"column":0},"end":{"line":63,"column":30}},"63":{"start":{"line":64,"column":0},"end":{"line":64,"column":20}},"64":{"start":{"line":65,"column":0},"end":{"line":65,"column":57}},"65":{"start":{"line":66,"column":0},"end":{"line":66,"column":71}},"66":{"start":{"line":67,"column":0},"end":{"line":67,"column":40}},"67":{"start":{"line":68,"column":0},"end":{"line":68,"column":53}},"68":{"start":{"line":69,"column":0},"end":{"line":69,"column":7}},"69":{"start":{"line":70,"column":0},"end":{"line":70,"column":1}},"70":{"start":{"line":71,"column":0},"end":{"line":71,"column":26}},"71":{"start":{"line":72,"column":0},"end":{"line":72,"column":22}},"72":{"start":{"line":73,"column":0},"end":{"line":73,"column":57}},"73":{"start":{"line":74,"column":0},"end":{"line":74,"column":72}},"74":{"start":{"line":75,"column":0},"end":{"line":75,"column":38}},"75":{"start":{"line":76,"column":0},"end":{"line":76,"column":51}},"76":{"start":{"line":77,"column":0},"end":{"line":77,"column":7}},"77":{"start":{"line":78,"column":0},"end":{"line":78,"column":1}},"78":{"start":{"line":79,"column":0},"end":{"line":79,"column":30}},"79":{"start":{"line":80,"column":0},"end":{"line":80,"column":20}},"80":{"start":{"line":81,"column":0},"end":{"line":81,"column":57}},"81":{"start":{"line":82,"column":0},"end":{"line":82,"column":70}},"82":{"start":{"line":83,"column":0},"end":{"line":83,"column":39}},"83":{"start":{"line":84,"column":0},"end":{"line":84,"column":52}},"84":{"start":{"line":85,"column":0},"end":{"line":85,"column":7}},"85":{"start":{"line":86,"column":0},"end":{"line":86,"column":1}},"86":{"start":{"line":87,"column":0},"end":{"line":87,"column":26}},"87":{"start":{"line":88,"column":0},"end":{"line":88,"column":24}},"88":{"start":{"line":89,"column":0},"end":{"line":89,"column":57}},"89":{"start":{"line":90,"column":0},"end":{"line":90,"column":74}},"90":{"start":{"line":91,"column":0},"end":{"line":91,"column":65}},"91":{"start":{"line":92,"column":0},"end":{"line":92,"column":7}},"92":{"start":{"line":93,"column":0},"end":{"line":93,"column":1}},"93":{"start":{"line":94,"column":0},"end":{"line":94,"column":34}},"94":{"start":{"line":95,"column":0},"end":{"line":95,"column":23}},"95":{"start":{"line":96,"column":0},"end":{"line":96,"column":57}},"96":{"start":{"line":97,"column":0},"end":{"line":97,"column":73}},"97":{"start":{"line":98,"column":0},"end":{"line":98,"column":42}},"98":{"start":{"line":99,"column":0},"end":{"line":99,"column":7}},"99":{"start":{"line":100,"column":0},"end":{"line":100,"column":1}},"100":{"start":{"line":101,"column":0},"end":{"line":101,"column":32}}},"s":{"0":1,"1":1,"2":0,"3":0,"4":0,"5":0,"6":0,"7":0,"8":0,"9":0,"10":1,"11":1,"12":1,"13":1,"14":1,"15":1,"16":1,"17":1,"18":1,"19":1,"20":1,"21":1,"22":1,"23":1,"24":1,"25":4,"26":4,"27":2,"28":2,"29":4,"30":4,"31":4,"32":2,"33":2,"34":2,"35":4,"36":4,"37":4,"38":1,"39":0,"40":0,"41":0,"42":0,"43":0,"44":0,"45":0,"46":1,"47":0,"48":0,"49":0,"50":0,"51":0,"52":0,"53":0,"54":1,"55":0,"56":0,"57":0,"58":0,"59":0,"60":0,"61":0,"62":1,"63":0,"64":0,"65":0,"66":0,"67":0,"68":0,"69":0,"70":1,"71":0,"72":0,"73":0,"74":0,"75":0,"76":0,"77":0,"78":1,"79":0,"80":0,"81":0,"82":0,"83":0,"84":0,"85":0,"86":1,"87":0,"88":0,"89":0,"90":0,"91":0,"92":0,"93":1,"94":0,"95":0,"96":0,"97":0,"98":0,"99":0,"100":1},"branchMap":{"0":{"type":"branch","line":11,"loc":{"start":{"line":11,"column":56},"end":{"line":13,"column":2}},"locations":[{"start":{"line":11,"column":56},"end":{"line":13,"column":2}}]},"1":{"type":"branch","line":12,"loc":{"start":{"line":12,"column":11},"end":{"line":12,"column":43}},"locations":[{"start":{"line":12,"column":11},"end":{"line":12,"column":43}}]},"2":{"type":"branch","line":26,"loc":{"start":{"line":26,"column":0},"end":{"line":38,"column":1}},"locations":[{"start":{"line":26,"column":0},"end":{"line":38,"column":1}}]},"3":{"type":"branch","line":27,"loc":{"start":{"line":27,"column":23},"end":{"line":29,"column":5}},"locations":[{"start":{"line":27,"column":23},"end":{"line":29,"column":5}}]},"4":{"type":"branch","line":32,"loc":{"start":{"line":32,"column":12},"end":{"line":35,"column":5}},"locations":[{"start":{"line":32,"column":12},"end":{"line":35,"column":5}}]}},"b":{"0":[1],"1":[0],"2":[4],"3":[2],"4":[2]},"fnMap":{"0":{"name":"Object.<anonymous>.__awaiter","decl":{"start":{"line":2,"column":44},"end":{"line":10,"column":2}},"loc":{"start":{"line":2,"column":44},"end":{"line":10,"column":2}},"line":2},"1":{"name":"Object.<anonymous>.__importDefault","decl":{"start":{"line":11,"column":56},"end":{"line":13,"column":2}},"loc":{"start":{"line":11,"column":56},"end":{"line":13,"column":2}},"line":11},"2":{"name":"parseResult","decl":{"start":{"line":26,"column":0},"end":{"line":38,"column":1}},"loc":{"start":{"line":26,"column":0},"end":{"line":38,"column":1}},"line":26},"3":{"name":"parsePolls","decl":{"start":{"line":40,"column":0},"end":{"line":46,"column":1}},"loc":{"start":{"line":40,"column":0},"end":{"line":46,"column":1}},"line":40},"4":{"name":"getJoke","decl":{"start":{"line":48,"column":0},"end":{"line":54,"column":1}},"loc":{"start":{"line":48,"column":0},"end":{"line":54,"column":1}},"line":48},"5":{"name":"getExcuse","decl":{"start":{"line":56,"column":0},"end":{"line":62,"column":1}},"loc":{"start":{"line":56,"column":0},"end":{"line":62,"column":1}},"line":56},"6":{"name":"getFact","decl":{"start":{"line":64,"column":0},"end":{"line":70,"column":1}},"loc":{"start":{"line":64,"column":0},"end":{"line":70,"column":1}},"line":64},"7":{"name":"getNorris","decl":{"start":{"line":72,"column":0},"end":{"line":78,"column":1}},"loc":{"start":{"line":72,"column":0},"end":{"line":78,"column":1}},"line":72},"8":{"name":"getNerd","decl":{"start":{"line":80,"column":0},"end":{"line":86,"column":1}},"loc":{"start":{"line":80,"column":0},"end":{"line":86,"column":1}},"line":80},"9":{"name":"getWouldYou","decl":{"start":{"line":88,"column":0},"end":{"line":93,"column":1}},"loc":{"start":{"line":88,"column":0},"end":{"line":93,"column":1}},"line":88},"10":{"name":"getPuzzles","decl":{"start":{"line":95,"column":0},"end":{"line":100,"column":1}},"loc":{"start":{"line":95,"column":0},"end":{"line":100,"column":1}},"line":95}},"f":{"0":0,"1":1,"2":4,"3":0,"4":0,"5":0,"6":0,"7":0,"8":0,"9":0,"10":0}}
}
