TN:
SF:dist/api.js
FN:2,Object.<anonymous>.__awaiter
FN:11,Object.<anonymous>.__importDefault
FN:26,parseResult
FN:40,parsePolls
FN:48,getJoke
FN:56,getExcuse
FN:64,getFact
FN:72,getNorris
FN:80,getNerd
FN:88,getWouldYou
FN:95,getPuzzles
FNF:11
FNH:2
FNDA:0,Object.<anonymous>.__awaiter
FNDA:1,Object.<anonymous>.__importDefault
FNDA:1,parseResult
FNDA:0,parsePolls
FNDA:0,getJoke
FNDA:0,getExcuse
FNDA:0,getFact
FNDA:0,getNorris
FNDA:0,getNerd
FNDA:0,getWouldYou
FNDA:0,getPuzzles
DA:1,1
DA:2,1
DA:3,0
DA:4,0
DA:5,0
DA:6,0
DA:7,0
DA:8,0
DA:9,0
DA:10,0
DA:11,1
DA:12,1
DA:13,1
DA:14,1
DA:15,1
DA:16,1
DA:17,1
DA:18,1
DA:19,1
DA:20,1
DA:21,1
DA:22,1
DA:23,1
DA:24,1
DA:25,1
DA:26,1
DA:27,1
DA:28,0
DA:29,0
DA:30,1
DA:31,1
DA:32,1
DA:33,1
DA:34,1
DA:35,1
DA:36,1
DA:37,1
DA:38,1
DA:39,1
DA:40,0
DA:41,0
DA:42,0
DA:43,0
DA:44,0
DA:45,0
DA:46,0
DA:47,1
DA:48,0
DA:49,0
DA:50,0
DA:51,0
DA:52,0
DA:53,0
DA:54,0
DA:55,1
DA:56,0
DA:57,0
DA:58,0
DA:59,0
DA:60,0
DA:61,0
DA:62,0
DA:63,1
DA:64,0
DA:65,0
DA:66,0
DA:67,0
DA:68,0
DA:69,0
DA:70,0
DA:71,1
DA:72,0
DA:73,0
DA:74,0
DA:75,0
DA:76,0
DA:77,0
DA:78,0
DA:79,1
DA:80,0
DA:81,0
DA:82,0
DA:83,0
DA:84,0
DA:85,0
DA:86,0
DA:87,1
DA:88,0
DA:89,0
DA:90,0
DA:91,0
DA:92,0
DA:93,0
DA:94,1
DA:95,0
DA:96,0
DA:97,0
DA:98,0
DA:99,0
DA:100,0
DA:101,1
LF:101
LH:37
BRDA:11,0,0,1
BRDA:12,1,0,0
BRDA:26,2,0,1
BRDA:27,3,0,0
BRDA:32,4,0,0
BRF:5
BRH:2
end_of_record
